app/build/outputs/mapping/release/seeds.txt
com.sensorehab.app.twa.LauncherActivity: LauncherActivity()
com.sensorehab.app.twa.LauncherActivity
com.sensorehab.app.twa.DelegationService: DelegationService()
com.sensorehab.app.twa.Application: Application()
com.sensorehab.app.twa.Application
com.sensorehab.app.twa.DelegationService
...
com.google.androidbrowserhelper.locationdelegation.PermissionRequestActivity
com.google.android.gms.location.LocationResult: android.os.Parcelable$Creator CREATOR
androidx.lifecycle.Lifecycle$Event: androidx.lifecycle.Lifecycle$Event valueOf(java.lang.String)
com.google.androidbrowserhelper.locationdelegation.PermissionRequestActivity: PermissionRequestActivity()
androidx.lifecycle.LiveData$LifecycleBoundObserver
androidx.core.app.RemoteActionCompatParcelizer
com.google.android.gms.common.api.internal.LifecycleCallback
androidx.lifecycle.Lifecycle$Event: androidx.lifecycle.Lifecycle$Event ON_PAUSE
androidx.loader.app.LoaderManagerImpl$LoaderViewModel
com.google.android.gms.common.internal.zzb: android.os.Parcelable$Creator CREATOR
androidx.loader.app.LoaderManagerImpl$LoaderViewModel: LoaderManagerImpl$LoaderViewModel()
com.google.androidbrowserhelper.trusted.WebViewFallbackActivity
androidx.core.graphics.drawable.IconCompat: IconCompat()
com.google.androidbrowserhelper.trusted.ManageDataLauncherActivity: ManageDataLauncherActivity()
androidx.versionedparcelable.ParcelImpl
com.google.android.gms.dynamite.DynamiteModule$DynamiteLoaderClassLoader: DynamiteModule$DynamiteLoaderClassLoader()
com.google.androidbrowserhelper.trusted.ManageDataLauncherActivity
androidx.core.app.RemoteActionCompatParcelizer: void write(androidx.core.app.RemoteActionCompat,androidx.versionedparcelable.VersionedParcel)
androidx.core.app.RemoteActionCompat
androidx.lifecycle.Lifecycle$State: androidx.lifecycle.Lifecycle$State valueOf(java.lang.String)
com.google.android.gms.common.api.Scope: android.os.Parcelable$Creator CREATOR
androidx.lifecycle.Lifecycle$Event: androidx.lifecycle.Lifecycle$Event ON_START
com.google.androidbrowserhelper.trusted.WebViewFallbackActivity: WebViewFallbackActivity()
com.google.android.gms.internal.location.zzbf: android.os.Parcelable$Creator CREATOR
com.google.android.gms.location.LocationRequest: android.os.Parcelable$Creator CREATOR
com.google.android.gms.signin.internal.zaj: android.os.Parcelable$Creator CREATOR
com.google.android.gms.dynamite.DynamiteModule$DynamiteLoaderClassLoader
androidx.lifecycle.Lifecycle$Event: androidx.lifecycle.Lifecycle$Event ON_STOP
com.google.android.gms.common.api.Status: android.os.Parcelable$Creator CREATOR
com.google.android.gms.auth.api.signin.GoogleSignInAccount: android.os.Parcelable$Creator CREATOR
com.google.android.gms.internal.location.zzad: android.os.Parcelable$Creator CREATOR
androidx.browser.browseractions.BrowserActionsFallbackMenuView
androidx.core.graphics.drawable.IconCompatParcelizer: androidx.core.graphics.drawable.IconCompat read(androidx.versionedparcelable.VersionedParcel)
com.google.android.gms.common.ConnectionResult: android.os.Parcelable$Creator CREATOR
com.google.androidbrowserhelper.trusted.LauncherActivity: LauncherActivity()
androidx.core.graphics.drawable.IconCompatParcelizer: IconCompatParcelizer()
android.support.v4.graphics.drawable.IconCompatParcelizer: void write(androidx.core.graphics.drawable.IconCompat,androidx.versionedparcelable.VersionedParcel)
androidx.annotation.Keep
androidx.core.app.RemoteActionCompatParcelizer: androidx.core.app.RemoteActionCompat read(androidx.versionedparcelable.VersionedParcel)
com.google.androidbrowserhelper.trusted.DelegationService: DelegationService()
androidx.core.graphics.drawable.IconCompat
androidx.core.app.RemoteActionCompat: RemoteActionCompat()
com.google.android.gms.common.util.DynamiteApi
androidx.lifecycle.Lifecycle$State: androidx.lifecycle.Lifecycle$State[] values()
com.google.android.gms.common.api.GoogleApiActivity: GoogleApiActivity()
androidx.lifecycle.Lifecycle$Event: androidx.lifecycle.Lifecycle$Event ON_DESTROY
androidx.lifecycle.Lifecycle$Event: androidx.lifecycle.Lifecycle$Event[] values()
com.google.android.gms.common.annotation.KeepName
com.google.android.gms.common.internal.ResolveAccountRequest: android.os.Parcelable$Creator CREATOR