app/build/outputs/mapping/release/mapping.txt
# compiler: R8
# compiler_version: 2.1.86
# min_api: 23
# pg_map_id: 8dbb2ff
# common_typos_disable
com.sensorehab.app.twa.-$$Lambda$LauncherActivity$oAkZE4R4zs__MHvw_ScemHnfxSo -> com.sensorehab.app.twa.a:
    com.sensorehab.app.twa.LauncherActivity f$0 -> a
com.sensorehab.app.twa.LauncherActivity -> com.sensorehab.app.twa.LauncherActivity:
    android.webkit.WebMessagePort[] channel -> j
    android.webkit.WebView wv -> h
    android.net.Uri uri -> i
    android.net.Uri getLaunchingUrl() -> f
    void lambda$onCreate$0() -> o
    void lambda$onCreate$0$LauncherActivity() -> p
...
androidx.fragment.app.FragmentManagerImpl$AnimateOnHWLayerIfNeededListener -> b.e.a.j$e:
    android.view.View mView -> b
androidx.fragment.app.FragmentManagerImpl$AnimateOnHWLayerIfNeededListener$1 -> b.e.a.j$e$a:
    androidx.fragment.app.FragmentManagerImpl$AnimateOnHWLayerIfNeededListener this$0 -> a
androidx.fragment.app.FragmentManagerImpl$AnimationListenerWrapper -> b.e.a.j$f:
    android.view.animation.Animation$AnimationListener mWrapped -> a
androidx.fragment.app.FragmentManagerImpl$AnimationOrAnimator -> b.e.a.j$g:
    android.view.animation.Animation animation -> a
    android.animation.Animator animator -> b
androidx.fragment.app.FragmentManagerImpl$AnimatorOnHWLayerIfNeededListener -> b.e.a.j$h:
    android.view.View mView -> a
androidx.fragment.app.FragmentManagerImpl$EndViewTransitionAnimator -> b.e.a.j$i:
    android.view.ViewGroup mParent -> a
    boolean mAnimating -> e
    android.view.View mChild -> b
    boolean mEnded -> c
    boolean mTransitionEnded -> d
androidx.fragment.app.FragmentManagerImpl$FragmentLifecycleCallbacksHolder -> b.e.a.j$j:
    boolean mRecursive -> b
    androidx.fragment.app.FragmentManager$FragmentLifecycleCallbacks mCallback -> a
androidx.fragment.app.FragmentManagerImpl$FragmentTag -> b.e.a.j$k:
    int[] Fragment -> a
androidx.fragment.app.FragmentManagerImpl$OpGenerator -> b.e.a.j$l:
    boolean generateOps(java.util.ArrayList,java.util.ArrayList) -> a
androidx.fragment.app.FragmentManagerImpl$PopBackStackState -> b.e.a.j$m:
    androidx.fragment.app.FragmentManagerImpl this$0 -> d
    java.lang.String mName -> a
    int mId -> b
    int mFlags -> c
    boolean generateOps(java.util.ArrayList,java.util.ArrayList) -> a
androidx.fragment.app.FragmentManagerImpl$StartEnterTransitionListener -> b.e.a.j$n:
    boolean mIsBack -> a
    int mNumPostponed -> c
    androidx.fragment.app.BackStackRecord mRecord -> b
    void onStartEnterTransition() -> a
    void startListening() -> b
    void cancelTransaction() -> c
    void completeTransaction() -> d
    boolean isReady() -> e
androidx.fragment.app.FragmentManagerNonConfig -> b.e.a.k:
    java.util.List mChildNonConfigs -> b
    java.util.List mFragments -> a
    java.util.List mViewModelStores -> c
    java.util.List getChildNonConfigs() -> a
    java.util.List getFragments() -> b
    java.util.List getViewModelStores() -> c
androidx.fragment.app.FragmentManagerState -> b.e.a.l:
    androidx.fragment.app.FragmentState[] mActive -> a
    int[] mAdded -> b
    int mPrimaryNavActiveIndex -> d
    int mNextFragmentIndex -> e
    androidx.fragment.app.BackStackState[] mBackStack -> c
androidx.fragment.app.FragmentManagerState$1 -> b.e.a.l$a:
    androidx.fragment.app.FragmentManagerState createFromParcel(android.os.Parcel) -> a
    androidx.fragment.app.FragmentManagerState[] newArray(int) -> b
androidx.fragment.app.FragmentState -> b.e.a.m:
    java.lang.String mTag -> f
    androidx.fragment.app.Fragment mInstance -> l
    boolean mHidden -> j
    java.lang.String mClassName -> a
    int mFragmentId -> d
    boolean mRetainInstance -> g
    android.os.Bundle mArguments -> i
    int mContainerId -> e
    boolean mDetached -> h
    int mIndex -> b
    android.os.Bundle mSavedFragmentState -> k
    boolean mFromLayout -> c
    androidx.fragment.app.Fragment instantiate(androidx.fragment.app.FragmentHostCallback,androidx.fragment.app.FragmentContainer,androidx.fragment.app.Fragment,androidx.fragment.app.FragmentManagerNonConfig,androidx.lifecycle.ViewModelStore) -> a
androidx.fragment.app.FragmentState$1 -> b.e.a.m$a:
    androidx.fragment.app.FragmentState createFromParcel(android.os.Parcel) -> a
    androidx.fragment.app.FragmentState[] newArray(int) -> b