app/build/outputs/mapping/release/usage.txt
com.sensorehab.app.twa.BuildConfig
com.sensorehab.app.twa.R$integer
com.sensorehab.app.twa.R$dimen
com.sensorehab.app.twa.R$id
com.sensorehab.app.twa.R
com.sensorehab.app.twa.R$attr
com.sensorehab.app.twa.R$layout
com.sensorehab.app.twa.R$string
com.sensorehab.app.twa.R$raw
com.sensorehab.app.twa.R$color
com.sensorehab.app.twa.R$mipmap
com.sensorehab.app.twa.R$drawable
com.sensorehab.app.twa.R$style
com.sensorehab.app.twa.LauncherActivity:
    private android.webkit.WebMessagePort port
com.sensorehab.app.twa.R$bool
com.sensorehab.app.twa.R$xml
com.sensorehab.app.twa.R$styleable
...
androidx.lifecycle.Transformations$1
androidx.concurrent.futures.ResolvableFuture
com.google.android.gms.location.ActivityRecognitionResult
androidx.core.util.TimeUtils
com.google.android.gms.location.zzam
androidx.slidingpanelayout.widget.SlidingPaneLayout$SavedState
androidx.core.app.AppOpsManagerCompat
androidx.legacy.coreutils.R$string
androidx.core.app.Person$Builder
com.google.android.gms.common.api.internal.LifecycleActivity:
    public void <init>(android.app.Activity)
    public void <init>(android.content.ContextWrapper)
    public boolean isChimera()
    public java.lang.Object asObject()
    private final java.lang.Object zzbd
androidx.viewpager.R$style
androidx.core.os.ParcelableCompat$ParcelableCompatCreatorHoneycombMR2
androidx.core.widget.AutoScrollHelper
androidx.core.text.util.FindAddress$ZipRange
com.google.android.gms.internal.location.zzbc
androidx.swiperefreshlayout.R$style
com.google.android.gms.common.images.zaa
com.google.android.gms.common.api.PendingResults$zaa
com.google.android.gms.common.api.Api$BaseClientBuilder:
    public static final int API_PRIORITY_GAMES
    public static final int API_PRIORITY_PLUS
    public static final int API_PRIORITY_OTHER
androidx.browser.customtabs.CustomTabsSessionToken$1
androidx.core.app.ActivityRecreator$3
com.google.android.gms.common.api.internal.UnregisterListenerMethod:
    protected void <init>(com.google.android.gms.common.api.internal.ListenerHolder$ListenerKey)
    public com.google.android.gms.common.api.internal.ListenerHolder$ListenerKey getListenerKey()
    private final com.google.android.gms.common.api.internal.ListenerHolder$ListenerKey zajl
com.google.android.gms.common.api.internal.TaskUtil
androidx.browser.trusted.TrustedWebActivityServiceConnection$NotificationsEnabledArgs:
    public android.os.Bundle toBundle()
androidx.swiperefreshlayout.widget.SwipeRefreshLayout
com.google.android.gms.common.util.SharedPreferencesUtils
androidx.core.app.NotificationCompat$MessagingStyle$Message
androidx.loader.content.ModernAsyncTask$1
androidx.core.widget.TextViewCompat$AutoSizeTextType
androidx.annotation.NavigationRes
com.google.android.gms.tasks.Continuation
com.google.android.gms.internal.base.zap:
    public void <init>()
androidx.core.view.accessibility.AccessibilityNodeInfoCompat
com.google.android.gms.location.zzl
com.google.android.gms.common.data.FreezableUtils
androidx.browser.trusted.sharing.ShareTarget:
    public static androidx.browser.trusted.sharing.ShareTarget fromBundle(android.os.Bundle)
    public static final java.lang.String KEY_ACTION
    public static final java.lang.String KEY_METHOD
    public static final java.lang.String KEY_ENCTYPE
    public static final java.lang.String KEY_PARAMS
    public static final java.lang.String METHOD_GET
    public static final java.lang.String METHOD_POST
    public static final java.lang.String ENCODING_TYPE_URL_ENCODED
    public static final java.lang.String ENCODING_TYPE_MULTIPART
com.google.android.gms.common.util.MurmurHash3
androidx.core.internal.view.SupportMenu
com.google.android.gms.dynamic.SupportFragmentWrapper
androidx.browser.R$color
androidx.core.view.WindowInsetsCompat
androidx.core.view.LayoutInflaterFactory
com.google.android.gms.common.internal.ICancelToken$Stub
androidx.core.text.TextDirectionHeuristicsCompat$TextDirectionAlgorithm
com.google.androidbrowserhelper.R$layout
com.google.android.gms.internal.location.zze
com.google.android.gms.location.zzm
androidx.legacy.coreutils.R$dimen
android.support.customtabs.IPostMessageService$Stub
androidx.core.R$drawable
androidx.print.PrintHelper$OnPrintFinishCallback
androidx.core.text.BidiFormatter
androidx.core.view.inputmethod.InputConnectionCompat$1
androidx.print.PrintHelper$1
com.google.android.gms.tasks.zzl
com.google.android.gms.common.util.Clock$$CC
androidx.loader.content.AsyncTaskLoader
androidx.core.view.InputDeviceCompat
androidx.viewpager.widget.ViewPager$SimpleOnPageChangeListener